android/app/build/intermediates/manifest_merge_blame_file/release/manifest-merger-blame-release-report.txt
1<?xml version="1.0" encoding="utf-8"?>
2<manifest xmlns:android="http://schemas.android.com/apk/res/android"
3    package="com.quantifi"
4    android:versionCode="1"
5    android:versionName="1.0" >
6
7    <uses-sdk
8        android:minSdkVersion="23"
9        android:targetSdkVersion="34" />
10
11    <uses-permission android:name="android.permission.INTERNET" />
11-->src\main\AndroidManifest.xml:3:5-67
11-->src\main\AndroidManifest.xml:3:22-64
12
13    <queries>
13-->src\main\AndroidManifest.xml:4:5-10:15
14        <package android:name="com.phonepe.app" />
14-->src\main\AndroidManifest.xml:5:9-51
14-->src\main\AndroidManifest.xml:5:18-48
15                        //Phonepe
16        <package android:name="com.google.android.apps.nbu.paisa.user" />
16-->src\main\AndroidManifest.xml:6:9-74
16-->src\main\AndroidManifest.xml:6:18-71
17 // GPay
18        <package android:name="net.one97.paytm" />
18-->src\main\AndroidManifest.xml:7:9-51
18-->src\main\AndroidManifest.xml:7:18-48
19                        // Paytm
20        <package android:name="in.org.npci.upiapp" />
20-->src\main\AndroidManifest.xml:8:9-54
20-->src\main\AndroidManifest.xml:8:18-51
21                     // BHIM
22        <package android:name="in.amazon.mShop.android.shopping" />
22-->src\main\AndroidManifest.xml:9:9-68
22-->src\main\AndroidManifest.xml:9:18-65
23       // AmazonPay
24    </queries>
25
26    <uses-permission android:name="android.permission.WAKE_LOCK" />
26-->[:react-native-firebase_auth] AndroidManifest.xml:8:5-68
26-->[:react-native-firebase_auth] AndroidManifest.xml:8:22-65
27    <uses-permission android:name="android.permission.ACCESS_NETWORK_STATE" />
27-->[:react-native-firebase_auth] AndroidManifest.xml:9:5-79
27-->[:react-native-firebase_auth] AndroidManifest.xml:9:22-76
28    <uses-permission android:name="com.google.android.providers.gsf.permission.READ_GSERVICES" />
28-->[com.google.android.recaptcha:recaptcha:18.4.0] AndroidManifest.xml:9:5-98
28-->[com.google.android.recaptcha:recaptcha:18.4.0] AndroidManifest.xml:9:22-95
29
30    <permission
30-->[androidx.core:core:1.9.0] AndroidManifest.xml:22:5-24:47
31        android:name="com.quantifi.DYNAMIC_RECEIVER_NOT_EXPORTED_PERMISSION"
31-->[androidx.core:core:1.9.0] AndroidManifest.xml:23:9-81
32        android:protectionLevel="signature" />
32-->[androidx.core:core:1.9.0] AndroidManifest.xml:24:9-44
33
34    <uses-permission android:name="com.quantifi.DYNAMIC_RECEIVER_NOT_EXPORTED_PERMISSION" />
34-->[androidx.core:core:1.9.0] AndroidManifest.xml:26:5-97
34-->[androidx.core:core:1.9.0] AndroidManifest.xml:26:22-94
35    <uses-permission android:name="android.permission.CHANGE_WIFI_MULTICAST_STATE" />
35-->[com.github.andriydruk:dnssd:0.9.16] AndroidManifest.xml:9:5-86
35-->[com.github.andriydruk:dnssd:0.9.16] AndroidManifest.xml:9:22-83
36
37    <application
37-->src\main\AndroidManifest.xml:12:5-30:19
38        android:name="com.quantifi.MainApplication"
38-->src\main\AndroidManifest.xml:13:7-38
39        android:allowBackup="false"
39-->src\main\AndroidManifest.xml:16:7-34
40        android:appComponentFactory="androidx.core.app.CoreComponentFactory"
40-->[androidx.core:core:1.9.0] AndroidManifest.xml:28:18-86
41        android:extractNativeLibs="false"
42        android:icon="@mipmap/ic_launcher"
42-->src\main\AndroidManifest.xml:15:7-41
43        android:label="@string/app_name"
43-->src\main\AndroidManifest.xml:14:7-39
44        android:theme="@style/AppTheme" >
44-->src\main\AndroidManifest.xml:17:7-38
45        <activity
45-->src\main\AndroidManifest.xml:18:7-29:18
46            android:name="com.quantifi.MainActivity"
46-->src\main\AndroidManifest.xml:19:9-37
47            android:configChanges="keyboard|keyboardHidden|orientation|screenLayout|screenSize|smallestScreenSize|uiMode"
47-->src\main\AndroidManifest.xml:21:9-118
48            android:exported="true"
48-->src\main\AndroidManifest.xml:24:9-32
49            android:label="@string/app_name"
49-->src\main\AndroidManifest.xml:20:9-41
50            android:launchMode="singleTask"
50-->src\main\AndroidManifest.xml:22:9-40
51            android:windowSoftInputMode="adjustResize" >
51-->src\main\AndroidManifest.xml:23:9-51
52            <intent-filter>
52-->src\main\AndroidManifest.xml:25:9-28:25
53                <action android:name="android.intent.action.MAIN" />
53-->src\main\AndroidManifest.xml:26:13-65
53-->src\main\AndroidManifest.xml:26:21-62
54
55                <category android:name="android.intent.category.LAUNCHER" />
55-->src\main\AndroidManifest.xml:27:13-73
55-->src\main\AndroidManifest.xml:27:23-70
56            </intent-filter>
57        </activity>
58
59        <meta-data
59-->[:react-native-firebase_app] AndroidManifest.xml:9:9-11:36
60            android:name="app_data_collection_default_enabled"
60-->[:react-native-firebase_app] AndroidManifest.xml:10:13-63
61            android:value="true" />
61-->[:react-native-firebase_app] AndroidManifest.xml:11:13-33
62
63        <service
63-->[:react-native-firebase_app] AndroidManifest.xml:13:9-21:19
64            android:name="com.google.firebase.components.ComponentDiscoveryService"
64-->[:react-native-firebase_app] AndroidManifest.xml:14:13-84
65            android:directBootAware="true"
65-->[:react-native-firebase_app] AndroidManifest.xml:15:13-43
66            android:exported="false" >
66-->[:react-native-firebase_app] AndroidManifest.xml:16:13-37
67            <meta-data
67-->[:react-native-firebase_app] AndroidManifest.xml:18:13-20:85
68                android:name="com.google.firebase.components:io.invertase.firebase.app.ReactNativeFirebaseAppRegistrar"
68-->[:react-native-firebase_app] AndroidManifest.xml:19:17-120
69                android:value="com.google.firebase.components.ComponentRegistrar" />
69-->[:react-native-firebase_app] AndroidManifest.xml:20:17-82
70            <meta-data
70-->[com.google.firebase:firebase-firestore:25.0.0] AndroidManifest.xml:17:13-19:85
71                android:name="com.google.firebase.components:com.google.firebase.firestore.FirebaseFirestoreKtxRegistrar"
71-->[com.google.firebase:firebase-firestore:25.0.0] AndroidManifest.xml:18:17-122
72                android:value="com.google.firebase.components.ComponentRegistrar" />
72-->[com.google.firebase:firebase-firestore:25.0.0] AndroidManifest.xml:19:17-82
73            <meta-data
73-->[com.google.firebase:firebase-firestore:25.0.0] AndroidManifest.xml:20:13-22:85
74                android:name="com.google.firebase.components:com.google.firebase.firestore.FirestoreRegistrar"
74-->[com.google.firebase:firebase-firestore:25.0.0] AndroidManifest.xml:21:17-111
75                android:value="com.google.firebase.components.ComponentRegistrar" />
75-->[com.google.firebase:firebase-firestore:25.0.0] AndroidManifest.xml:22:17-82
76            <meta-data
76-->[com.google.firebase:firebase-auth:23.0.0] AndroidManifest.xml:69:13-71:85
77                android:name="com.google.firebase.components:com.google.firebase.auth.FirebaseAuthRegistrar"
77-->[com.google.firebase:firebase-auth:23.0.0] AndroidManifest.xml:70:17-109
78                android:value="com.google.firebase.components.ComponentRegistrar" />
78-->[com.google.firebase:firebase-auth:23.0.0] AndroidManifest.xml:71:17-82
79            <meta-data
79-->[com.google.firebase:firebase-storage:21.0.0] AndroidManifest.xml:30:13-32:85
80                android:name="com.google.firebase.components:com.google.firebase.storage.FirebaseStorageKtxRegistrar"
80-->[com.google.firebase:firebase-storage:21.0.0] AndroidManifest.xml:31:17-118
81                android:value="com.google.firebase.components.ComponentRegistrar" />
81-->[com.google.firebase:firebase-storage:21.0.0] AndroidManifest.xml:32:17-82
82            <meta-data
82-->[com.google.firebase:firebase-storage:21.0.0] AndroidManifest.xml:33:13-35:85
83                android:name="com.google.firebase.components:com.google.firebase.storage.StorageRegistrar"
83-->[com.google.firebase:firebase-storage:21.0.0] AndroidManifest.xml:34:17-107
84                android:value="com.google.firebase.components.ComponentRegistrar" />
84-->[com.google.firebase:firebase-storage:21.0.0] AndroidManifest.xml:35:17-82
85            <meta-data
85-->[com.google.firebase:firebase-appcheck:18.0.0] AndroidManifest.xml:25:13-27:85
86                android:name="com.google.firebase.components:com.google.firebase.appcheck.FirebaseAppCheckKtxRegistrar"
86-->[com.google.firebase:firebase-appcheck:18.0.0] AndroidManifest.xml:26:17-120
87                android:value="com.google.firebase.components.ComponentRegistrar" />
87-->[com.google.firebase:firebase-appcheck:18.0.0] AndroidManifest.xml:27:17-82
88            <meta-data
88-->[com.google.firebase:firebase-appcheck:18.0.0] AndroidManifest.xml:28:13-30:85
89                android:name="com.google.firebase.components:com.google.firebase.appcheck.FirebaseAppCheckRegistrar"
89-->[com.google.firebase:firebase-appcheck:18.0.0] AndroidManifest.xml:29:17-117
90                android:value="com.google.firebase.components.ComponentRegistrar" />
90-->[com.google.firebase:firebase-appcheck:18.0.0] AndroidManifest.xml:30:17-82
91            <meta-data
91-->[com.google.firebase:firebase-common-ktx:21.0.0] AndroidManifest.xml:12:13-14:85
92                android:name="com.google.firebase.components:com.google.firebase.ktx.FirebaseCommonLegacyRegistrar"
92-->[com.google.firebase:firebase-common-ktx:21.0.0] AndroidManifest.xml:13:17-116
93                android:value="com.google.firebase.components.ComponentRegistrar" />
93-->[com.google.firebase:firebase-common-ktx:21.0.0] AndroidManifest.xml:14:17-82
94            <meta-data
94-->[com.google.firebase:firebase-common:21.0.0] AndroidManifest.xml:35:13-37:85
95                android:name="com.google.firebase.components:com.google.firebase.FirebaseCommonKtxRegistrar"
95-->[com.google.firebase:firebase-common:21.0.0] AndroidManifest.xml:36:17-109
96                android:value="com.google.firebase.components.ComponentRegistrar" />
96-->[com.google.firebase:firebase-common:21.0.0] AndroidManifest.xml:37:17-82
97        </service>
98
99        <provider
99-->[:react-native-firebase_app] AndroidManifest.xml:23:9-27:38
100            android:name="io.invertase.firebase.app.ReactNativeFirebaseAppInitProvider"
100-->[:react-native-firebase_app] AndroidManifest.xml:24:13-88
101            android:authorities="com.quantifi.reactnativefirebaseappinitprovider"
101-->[:react-native-firebase_app] AndroidManifest.xml:25:13-86
102            android:exported="false"
102-->[:react-native-firebase_app] AndroidManifest.xml:26:13-37
103            android:initOrder="99" />
103-->[:react-native-firebase_app] AndroidManifest.xml:27:13-35
104        <provider
104-->[:react-native-image-picker] AndroidManifest.xml:8:9-16:20
105            android:name="com.imagepicker.ImagePickerProvider"
105-->[:react-native-image-picker] AndroidManifest.xml:9:13-63
106            android:authorities="com.quantifi.imagepickerprovider"
106-->[:react-native-image-picker] AndroidManifest.xml:10:13-71
107            android:exported="false"
107-->[:react-native-image-picker] AndroidManifest.xml:11:13-37
108            android:grantUriPermissions="true" >
108-->[:react-native-image-picker] AndroidManifest.xml:12:13-47
109            <meta-data
109-->[:react-native-image-picker] AndroidManifest.xml:13:13-15:70
110                android:name="android.support.FILE_PROVIDER_PATHS"
110-->[:react-native-image-picker] AndroidManifest.xml:14:17-67
111                android:resource="@xml/imagepicker_provider_paths" />
111-->[:react-native-image-picker] AndroidManifest.xml:15:17-67
112        </provider>
113
114        <activity
114-->[com.google.firebase:firebase-auth:23.0.0] AndroidManifest.xml:29:9-46:20
115            android:name="com.google.firebase.auth.internal.GenericIdpActivity"
115-->[com.google.firebase:firebase-auth:23.0.0] AndroidManifest.xml:30:13-80
116            android:excludeFromRecents="true"
116-->[com.google.firebase:firebase-auth:23.0.0] AndroidManifest.xml:31:13-46
117            android:exported="true"
117-->[com.google.firebase:firebase-auth:23.0.0] AndroidManifest.xml:32:13-36
118            android:launchMode="singleTask"
118-->[com.google.firebase:firebase-auth:23.0.0] AndroidManifest.xml:33:13-44
119            android:theme="@android:style/Theme.Translucent.NoTitleBar" >
119-->[com.google.firebase:firebase-auth:23.0.0] AndroidManifest.xml:34:13-72
120            <intent-filter>
120-->[com.google.firebase:firebase-auth:23.0.0] AndroidManifest.xml:35:13-45:29
121                <action android:name="android.intent.action.VIEW" />
121-->[com.google.firebase:firebase-auth:23.0.0] AndroidManifest.xml:36:17-69
121-->[com.google.firebase:firebase-auth:23.0.0] AndroidManifest.xml:36:25-66
122
123                <category android:name="android.intent.category.DEFAULT" />
123-->[com.google.firebase:firebase-auth:23.0.0] AndroidManifest.xml:38:17-76
123-->[com.google.firebase:firebase-auth:23.0.0] AndroidManifest.xml:38:27-73
124                <category android:name="android.intent.category.BROWSABLE" />
124-->[com.google.firebase:firebase-auth:23.0.0] AndroidManifest.xml:39:17-78
124-->[com.google.firebase:firebase-auth:23.0.0] AndroidManifest.xml:39:27-75
125
126                <data
126-->[com.google.firebase:firebase-auth:23.0.0] AndroidManifest.xml:41:17-44:51
127                    android:host="firebase.auth"
127-->[com.google.firebase:firebase-auth:23.0.0] AndroidManifest.xml:42:21-49
128                    android:path="/"
128-->[com.google.firebase:firebase-auth:23.0.0] AndroidManifest.xml:43:21-37
129                    android:scheme="genericidp" />
129-->[com.google.firebase:firebase-auth:23.0.0] AndroidManifest.xml:44:21-48
130            </intent-filter>
131        </activity>
132        <activity
132-->[com.google.firebase:firebase-auth:23.0.0] AndroidManifest.xml:47:9-64:20
133            android:name="com.google.firebase.auth.internal.RecaptchaActivity"
133-->[com.google.firebase:firebase-auth:23.0.0] AndroidManifest.xml:48:13-79
134            android:excludeFromRecents="true"
134-->[com.google.firebase:firebase-auth:23.0.0] AndroidManifest.xml:49:13-46
135            android:exported="true"
135-->[com.google.firebase:firebase-auth:23.0.0] AndroidManifest.xml:50:13-36
136            android:launchMode="singleTask"
136-->[com.google.firebase:firebase-auth:23.0.0] AndroidManifest.xml:51:13-44
137            android:theme="@android:style/Theme.Translucent.NoTitleBar" >
137-->[com.google.firebase:firebase-auth:23.0.0] AndroidManifest.xml:52:13-72
138            <intent-filter>
138-->[com.google.firebase:firebase-auth:23.0.0] AndroidManifest.xml:53:13-63:29
139                <action android:name="android.intent.action.VIEW" />
139-->[com.google.firebase:firebase-auth:23.0.0] AndroidManifest.xml:36:17-69
139-->[com.google.firebase:firebase-auth:23.0.0] AndroidManifest.xml:36:25-66
140
141                <category android:name="android.intent.category.DEFAULT" />
141-->[com.google.firebase:firebase-auth:23.0.0] AndroidManifest.xml:38:17-76
141-->[com.google.firebase:firebase-auth:23.0.0] AndroidManifest.xml:38:27-73
142                <category android:name="android.intent.category.BROWSABLE" />
142-->[com.google.firebase:firebase-auth:23.0.0] AndroidManifest.xml:39:17-78
142-->[com.google.firebase:firebase-auth:23.0.0] AndroidManifest.xml:39:27-75
143
144                <data
144-->[com.google.firebase:firebase-auth:23.0.0] AndroidManifest.xml:41:17-44:51
145                    android:host="firebase.auth"
145-->[com.google.firebase:firebase-auth:23.0.0] AndroidManifest.xml:42:21-49
146                    android:path="/"
146-->[com.google.firebase:firebase-auth:23.0.0] AndroidManifest.xml:43:21-37
147                    android:scheme="recaptcha" />
147-->[com.google.firebase:firebase-auth:23.0.0] AndroidManifest.xml:44:21-48
148            </intent-filter>
149        </activity>
150
151        <service
151-->[androidx.credentials:credentials-play-services-auth:1.2.0-rc01] AndroidManifest.xml:24:9-32:19
152            android:name="androidx.credentials.playservices.CredentialProviderMetadataHolder"
152-->[androidx.credentials:credentials-play-services-auth:1.2.0-rc01] AndroidManifest.xml:25:13-94
153            android:enabled="true"
153-->[androidx.credentials:credentials-play-services-auth:1.2.0-rc01] AndroidManifest.xml:26:13-35
154            android:exported="false" >
154-->[androidx.credentials:credentials-play-services-auth:1.2.0-rc01] AndroidManifest.xml:27:13-37
155            <meta-data
155-->[androidx.credentials:credentials-play-services-auth:1.2.0-rc01] AndroidManifest.xml:29:13-31:104
156                android:name="androidx.credentials.CREDENTIAL_PROVIDER_KEY"
156-->[androidx.credentials:credentials-play-services-auth:1.2.0-rc01] AndroidManifest.xml:30:17-76
157                android:value="androidx.credentials.playservices.CredentialProviderPlayServicesImpl" />
157-->[androidx.credentials:credentials-play-services-auth:1.2.0-rc01] AndroidManifest.xml:31:17-101
158        </service>
159
160        <activity
160-->[androidx.credentials:credentials-play-services-auth:1.2.0-rc01] AndroidManifest.xml:34:9-41:20
161            android:name="androidx.credentials.playservices.HiddenActivity"
161-->[androidx.credentials:credentials-play-services-auth:1.2.0-rc01] AndroidManifest.xml:35:13-76
162            android:configChanges="orientation|screenSize|screenLayout|keyboardHidden"
162-->[androidx.credentials:credentials-play-services-auth:1.2.0-rc01] AndroidManifest.xml:36:13-87
163            android:enabled="true"
163-->[androidx.credentials:credentials-play-services-auth:1.2.0-rc01] AndroidManifest.xml:37:13-35
164            android:exported="false"
164-->[androidx.credentials:credentials-play-services-auth:1.2.0-rc01] AndroidManifest.xml:38:13-37
165            android:fitsSystemWindows="true"
165-->[androidx.credentials:credentials-play-services-auth:1.2.0-rc01] AndroidManifest.xml:39:13-45
166            android:theme="@style/Theme.Hidden" >
166-->[androidx.credentials:credentials-play-services-auth:1.2.0-rc01] AndroidManifest.xml:40:13-48
167        </activity>
168        <activity
168-->[com.google.android.gms:play-services-auth:21.1.1] AndroidManifest.xml:23:9-27:75
169            android:name="com.google.android.gms.auth.api.signin.internal.SignInHubActivity"
169-->[com.google.android.gms:play-services-auth:21.1.1] AndroidManifest.xml:24:13-93
170            android:excludeFromRecents="true"
170-->[com.google.android.gms:play-services-auth:21.1.1] AndroidManifest.xml:25:13-46
171            android:exported="false"
171-->[com.google.android.gms:play-services-auth:21.1.1] AndroidManifest.xml:26:13-37
172            android:theme="@android:style/Theme.Translucent.NoTitleBar" />
172-->[com.google.android.gms:play-services-auth:21.1.1] AndroidManifest.xml:27:13-72
173        <!--
174            Service handling Google Sign-In user revocation. For apps that do not integrate with
175            Google Sign-In, this service will never be started.
176        -->
177        <service
177-->[com.google.android.gms:play-services-auth:21.1.1] AndroidManifest.xml:33:9-37:51
178            android:name="com.google.android.gms.auth.api.signin.RevocationBoundService"
178-->[com.google.android.gms:play-services-auth:21.1.1] AndroidManifest.xml:34:13-89
179            android:exported="true"
179-->[com.google.android.gms:play-services-auth:21.1.1] AndroidManifest.xml:35:13-36
180            android:permission="com.google.android.gms.auth.api.signin.permission.REVOCATION_NOTIFICATION"
180-->[com.google.android.gms:play-services-auth:21.1.1] AndroidManifest.xml:36:13-107
181            android:visibleToInstantApps="true" />
181-->[com.google.android.gms:play-services-auth:21.1.1] AndroidManifest.xml:37:13-48
182
183        <activity
183-->[com.google.android.gms:play-services-base:18.3.0] AndroidManifest.xml:20:9-22:45
184            android:name="com.google.android.gms.common.api.GoogleApiActivity"
184-->[com.google.android.gms:play-services-base:18.3.0] AndroidManifest.xml:20:19-85
185            android:exported="false"
185-->[com.google.android.gms:play-services-base:18.3.0] AndroidManifest.xml:22:19-43
186            android:theme="@android:style/Theme.Translucent.NoTitleBar" />
186-->[com.google.android.gms:play-services-base:18.3.0] AndroidManifest.xml:21:19-78
187
188        <provider
188-->[com.google.firebase:firebase-common:21.0.0] AndroidManifest.xml:23:9-28:39
189            android:name="com.google.firebase.provider.FirebaseInitProvider"
189-->[com.google.firebase:firebase-common:21.0.0] AndroidManifest.xml:24:13-77
190            android:authorities="com.quantifi.firebaseinitprovider"
190-->[com.google.firebase:firebase-common:21.0.0] AndroidManifest.xml:25:13-72
191            android:directBootAware="true"
191-->[com.google.firebase:firebase-common:21.0.0] AndroidManifest.xml:26:13-43
192            android:exported="false"
192-->[com.google.firebase:firebase-common:21.0.0] AndroidManifest.xml:27:13-37
193            android:initOrder="100" />
193-->[com.google.firebase:firebase-common:21.0.0] AndroidManifest.xml:28:13-36
194
195        <meta-data
195-->[com.google.android.gms:play-services-basement:18.3.0] AndroidManifest.xml:21:9-23:69
196            android:name="com.google.android.gms.version"
196-->[com.google.android.gms:play-services-basement:18.3.0] AndroidManifest.xml:22:13-58
197            android:value="@integer/google_play_services_version" />
197-->[com.google.android.gms:play-services-basement:18.3.0] AndroidManifest.xml:23:13-66
198
199        <provider
199-->[androidx.emoji2:emoji2:1.2.0] AndroidManifest.xml:24:9-32:20
200            android:name="androidx.startup.InitializationProvider"
200-->[androidx.emoji2:emoji2:1.2.0] AndroidManifest.xml:25:13-67
201            android:authorities="com.quantifi.androidx-startup"
201-->[androidx.emoji2:emoji2:1.2.0] AndroidManifest.xml:26:13-68
202            android:exported="false" >
202-->[androidx.emoji2:emoji2:1.2.0] AndroidManifest.xml:27:13-37
203            <meta-data
203-->[androidx.emoji2:emoji2:1.2.0] AndroidManifest.xml:29:13-31:52
204                android:name="androidx.emoji2.text.EmojiCompatInitializer"
204-->[androidx.emoji2:emoji2:1.2.0] AndroidManifest.xml:30:17-75
205                android:value="androidx.startup" />
205-->[androidx.emoji2:emoji2:1.2.0] AndroidManifest.xml:31:17-49
206            <meta-data
206-->[androidx.lifecycle:lifecycle-process:2.4.1] AndroidManifest.xml:31:13-33:52
207                android:name="androidx.lifecycle.ProcessLifecycleInitializer"
207-->[androidx.lifecycle:lifecycle-process:2.4.1] AndroidManifest.xml:32:17-78
208                android:value="androidx.startup" />
208-->[androidx.lifecycle:lifecycle-process:2.4.1] AndroidManifest.xml:33:17-49
209        </provider>
210
211        <meta-data
211-->[com.facebook.soloader:soloader:0.10.5] AndroidManifest.xml:12:9-14:37
212            android:name="com.facebook.soloader.enabled"
212-->[com.facebook.soloader:soloader:0.10.5] AndroidManifest.xml:13:13-57
213            android:value="false" />
213-->[com.facebook.soloader:soloader:0.10.5] AndroidManifest.xml:14:13-34
214    </application>
215
216</manifest>